<?xml version="1.0" encoding="UTF-8"?>
<testng-results skipped="0" failed="0" total="1" passed="1">
  <reporter-output>
  </reporter-output>
  <suite name="PGRRSuite" duration-ms="14378" started-at="2017-05-24T19:45:34Z" finished-at="2017-05-24T19:45:49Z">
    <groups>
    </groups>
    <test name="RegressionTest" duration-ms="14378" started-at="2017-05-24T19:45:34Z" finished-at="2017-05-24T19:45:49Z">
      <class name="com.dbmi.pgrr.TN_pgrrLogin">
        <test-method status="PASS" signature="beforeMethod()[pri:0, instance:com.dbmi.pgrr.TN_pgrrLogin@5d624da6]" name="beforeMethod" is-config="true" duration-ms="8715" started-at="2017-05-24T15:45:34Z" finished-at="2017-05-24T15:45:43Z">
          <reporter-output>
          </reporter-output>
        </test-method> <!-- beforeMethod -->
        <test-method status="PASS" signature="tnPgrrLogin()[pri:0, instance:com.dbmi.pgrr.TN_pgrrLogin@5d624da6]" name="tnPgrrLogin" duration-ms="4695" started-at="2017-05-24T15:45:43Z" finished-at="2017-05-24T15:45:48Z">
          <reporter-output>
          </reporter-output>
        </test-method> <!-- tnPgrrLogin -->
        <test-method status="PASS" signature="afterMethod()[pri:0, instance:com.dbmi.pgrr.TN_pgrrLogin@5d624da6]" name="afterMethod" is-config="true" duration-ms="959" started-at="2017-05-24T15:45:48Z" finished-at="2017-05-24T15:45:49Z">
          <reporter-output>
          </reporter-output>
        </test-method> <!-- afterMethod -->
      </class> <!-- com.dbmi.pgrr.TN_pgrrLogin -->
    </test> <!-- RegressionTest -->
  </suite> <!-- PGRRSuite -->
</testng-results>
